  wrapper.c
c:\users\linus\desktop\skola\år2\operativsystem\labbett\labbett\labbett\wrapper.c(24): warning C4047: 'return': 'DWORD' differs in levels of indirection from 'HANDLE'
c:\users\linus\desktop\skola\år2\operativsystem\labbett\labbett\labbett\wrapper.c(73): warning C4133: '=': incompatible types - from 'char [16]' to 'LPCWSTR'
c:\users\linus\desktop\skola\år2\operativsystem\labbett\labbett\labbett\wrapper.c(79): warning C4312: 'type cast': conversion from 'int' to 'HBRUSH' of greater size
c:\users\linus\desktop\skola\år2\operativsystem\labbett\labbett\labbett\wrapper.c(80): warning C4133: '=': incompatible types - from 'char [15]' to 'LPCWSTR'
c:\users\linus\desktop\skola\år2\operativsystem\labbett\labbett\labbett\wrapper.c(102): warning C4133: 'function': incompatible types - from 'char [16]' to 'LPCWSTR'
c:\users\linus\desktop\skola\år2\operativsystem\labbett\labbett\labbett\wrapper.c(102): warning C4133: 'function': incompatible types - from 'char *' to 'LPCWSTR'
c:\users\linus\desktop\skola\år2\operativsystem\labbett\labbett\labbett\wrapper.c(115): warning C4133: 'function': incompatible types - from 'char [21]' to 'LPCWSTR'
c:\users\linus\desktop\skola\år2\operativsystem\labbett\labbett\labbett\wrapper.c(115): warning C4133: 'function': incompatible types - from 'char [8]' to 'LPCWSTR'
c:\users\linus\desktop\skola\år2\operativsystem\labbett\labbett\labbett\wrapper.c(133): warning C4133: '=': incompatible types - from 'char [4]' to 'LPCWSTR'
c:\users\linus\desktop\skola\år2\operativsystem\labbett\labbett\labbett\wrapper.c(138): warning C4133: '=': incompatible types - from 'char *' to 'LPWSTR'
c:\users\linus\desktop\skola\år2\operativsystem\labbett\labbett\labbett\wrapper.c(142): warning C4133: '=': incompatible types - from 'char *' to 'LPCWSTR'
c:\users\linus\desktop\skola\år2\operativsystem\labbett\labbett\labbett\wrapper.c(150): warning C4133: 'function': incompatible types - from 'char [260]' to 'LPCWSTR'
  intro.c
c:\users\linus\desktop\skola\år2\operativsystem\labbett\labbett\labbett\intro.c(13): warning C4113: 'void (__cdecl *)()' differs in parameter lists from 'LPTHREAD_START_ROUTINE'
c:\users\linus\desktop\skola\år2\operativsystem\labbett\labbett\labbett\intro.c(13): warning C4133: 'function': incompatible types - from 'void (__cdecl *)()' to 'LPTHREAD_START_ROUTINE'
c:\users\linus\desktop\skola\år2\operativsystem\labbett\labbett\labbett\intro.c(13): warning C4047: '=': 'HANDLE' differs in levels of indirection from 'DWORD'
  Generating Code...
c:\users\linus\desktop\skola\år2\operativsystem\labbett\labbett\labbett\wrapper.c(38): warning C4716: 'mailslotConnect': must return a value
c:\users\linus\desktop\skola\år2\operativsystem\labbett\labbett\labbett\wrapper.c(55): warning C4716: 'mailslotClose': must return a value
c:\users\linus\desktop\skola\år2\operativsystem\labbett\labbett\labbett\wrapper.c(50): warning C4716: 'mailslotRead': must return a value
c:\users\linus\desktop\skola\år2\operativsystem\labbett\labbett\labbett\wrapper.c(44): warning C4716: 'mailslotWrite': must return a value
c:\users\linus\desktop\skola\år2\operativsystem\labbett\labbett\labbett\wrapper.c(32): warning C4716: 'mailslotCreate': must return a value
  LabbEtt.vcxproj -> C:\Users\Linus\Desktop\Skola\År2\Operativsystem\LabbEtt\LabbEtt\LabbEtt\x64\Debug\LabbEtt.exe
